<?xml version="1.0" encoding="UTF-8"?>
<testng-results skipped="0" failed="0" ignored="0" total="2" passed="2">
  <reporter-output>
  </reporter-output>
  <suite name="Free Crm application" duration-ms="13407" started-at="2019-07-14T14:28:57Z" finished-at="2019-07-14T14:29:10Z">
    <groups>
    </groups>
    <test name="Free Crm test cases" duration-ms="13407" started-at="2019-07-14T14:28:57Z" finished-at="2019-07-14T14:29:10Z">
      <class name="com.crm.qa.testcases.LoginPageTest">
        <test-method status="PASS" signature="setUp()[pri:0, instance:com.crm.qa.testcases.LoginPageTest@59ec2012]" name="setUp" is-config="true" duration-ms="12810" started-at="2019-07-14T14:28:57Z" finished-at="2019-07-14T14:29:10Z">
          <reporter-output>
          </reporter-output>
        </test-method> <!-- setUp -->
        <test-method status="PASS" signature="loginPageTitle()[pri:1, instance:com.crm.qa.testcases.LoginPageTest@59ec2012]" name="loginPageTitle" duration-ms="52" started-at="2019-07-14T14:29:10Z" finished-at="2019-07-14T14:29:10Z">
          <reporter-output>
          </reporter-output>
        </test-method> <!-- loginPageTitle -->
        <test-method status="PASS" signature="loginTest()[pri:2, instance:com.crm.qa.testcases.LoginPageTest@59ec2012]" name="loginTest" duration-ms="503" started-at="2019-07-14T14:29:10Z" finished-at="2019-07-14T14:29:10Z">
          <reporter-output>
          </reporter-output>
        </test-method> <!-- loginTest -->
      </class> <!-- com.crm.qa.testcases.LoginPageTest -->
    </test> <!-- Free Crm test cases -->
  </suite> <!-- Free Crm application -->
</testng-results>
